<?xml version="1.0" encoding="UTF-8"?>
<robot generator="Robot 4.0.3 (Python 3.9.1 on win32)" generated="20210727 19:34:39.237" rpa="false" schemaversion="2">
<suite id="s1" name="Robot-Framewotk-Demo" source="D:\Dev\Vozy\Repositorios\robot-framewotk-demo">
<suite id="s1-s1" name="TestCases" source="D:\Dev\Vozy\Repositorios\robot-framewotk-demo\TestCases">
<suite id="s1-s1-s1" name="Login" source="D:\Dev\Vozy\Repositorios\robot-framewotk-demo\TestCases\Login.robot">
<test id="s1-s1-s1-t1" name="Filter repos">
<kw name="Filter own repositories by" library="resource">
<arg>Private</arg>
<kw name="Login in Page" library="resource">
<kw name="Open Browser To Login Page" library="resource">
<kw name="Open Browser">
<arg>${LOGIN URL}</arg>
<arg>${BROWSER}</arg>
<msg timestamp="20210727 19:34:39.716" level="FAIL">Multiple keywords with name 'Open Browser' found. Give the full name of the keyword you want to use:
    Selenium2Library.Open Browser
    SeleniumLibrary.Open Browser</msg>
<status status="FAIL" starttime="20210727 19:34:39.716" endtime="20210727 19:34:39.716"/>
</kw>
<kw name="Maximize Browser Window">
<status status="NOT RUN" starttime="20210727 19:34:39.716" endtime="20210727 19:34:39.716"/>
</kw>
<kw name="Set Selenium Speed">
<arg>${DELAY}</arg>
<status status="NOT RUN" starttime="20210727 19:34:39.717" endtime="20210727 19:34:39.717"/>
</kw>
<kw name="Login Page Should Be Open" library="resource">
<status status="NOT RUN" starttime="20210727 19:34:39.717" endtime="20210727 19:34:39.717"/>
</kw>
<status status="FAIL" starttime="20210727 19:34:39.716" endtime="20210727 19:34:39.717"/>
</kw>
<kw name="Input Username" library="resource">
<arg>josemanuelep</arg>
<status status="NOT RUN" starttime="20210727 19:34:39.717" endtime="20210727 19:34:39.717"/>
</kw>
<kw name="Input Password" library="resource">
<arg>3103331899jose</arg>
<status status="NOT RUN" starttime="20210727 19:34:39.717" endtime="20210727 19:34:39.717"/>
</kw>
<kw name="Submit Credentials" library="resource">
<status status="NOT RUN" starttime="20210727 19:34:39.717" endtime="20210727 19:34:39.717"/>
</kw>
<status status="FAIL" starttime="20210727 19:34:39.716" endtime="20210727 19:34:39.717"/>
</kw>
<kw name="Open View Profile and More Toggle Menu" library="resource">
<status status="NOT RUN" starttime="20210727 19:34:39.717" endtime="20210727 19:34:39.717"/>
</kw>
<kw name="Filter by" library="resource">
<arg>${filter}</arg>
<status status="NOT RUN" starttime="20210727 19:34:39.717" endtime="20210727 19:34:39.718"/>
</kw>
<kw name="Close Browser" type="TEARDOWN">
<msg timestamp="20210727 19:34:39.718" level="FAIL">Multiple keywords with name 'Close Browser' found. Give the full name of the keyword you want to use:
    Selenium2Library.Close Browser
    SeleniumLibrary.Close Browser</msg>
<status status="FAIL" starttime="20210727 19:34:39.718" endtime="20210727 19:34:39.718">Multiple keywords with name 'Close Browser' found. Give the full name of the keyword you want to use:
    Selenium2Library.Close Browser
    SeleniumLibrary.Close Browser</status>
</kw>
<status status="FAIL" starttime="20210727 19:34:39.715" endtime="20210727 19:34:39.718"/>
</kw>
<status status="FAIL" starttime="20210727 19:34:39.715" endtime="20210727 19:34:39.718">Multiple keywords with name 'Open Browser' found. Give the full name of the keyword you want to use:
    Selenium2Library.Open Browser
    SeleniumLibrary.Open Browser

Also keyword teardown failed:
Multiple keywords with name 'Close Browser' found. Give the full name of the keyword you want to use:
    Selenium2Library.Close Browser
    SeleniumLibrary.Close Browser</status>
</test>
<doc>A test suite with a single test for valid login.

This test has a workflow that is created using keywords in
the imported resource file.</doc>
<status status="FAIL" starttime="20210727 19:34:39.290" endtime="20210727 19:34:39.719"/>
</suite>
<suite id="s1-s1-s2" name="Login Gherkin" source="D:\Dev\Vozy\Repositorios\robot-framewotk-demo\TestCases\login_gherkin.robot">
<test id="s1-s1-s2-t1" name="Valid Login">
<kw name="Given browser is opened to login page">
<kw name="Open Browser To Login Page" library="resource">
<kw name="Open Browser" library="SeleniumLibrary">
<arg>${LOGIN URL}</arg>
<arg>${BROWSER}</arg>
<doc>Opens a new browser instance to the optional ``url``.</doc>
<msg timestamp="20210727 19:34:39.726" level="INFO">Opening browser 'Chrome' to base url 'https://github.com/login'.</msg>
<status status="PASS" starttime="20210727 19:34:39.725" endtime="20210727 19:34:49.278"/>
</kw>
<kw name="Maximize Browser Window" library="SeleniumLibrary">
<doc>Maximizes current browser window.</doc>
<status status="PASS" starttime="20210727 19:34:49.278" endtime="20210727 19:34:49.421"/>
</kw>
<kw name="Set Selenium Speed" library="SeleniumLibrary">
<arg>${DELAY}</arg>
<doc>Sets the delay that is waited after each Selenium command.</doc>
<status status="PASS" starttime="20210727 19:34:49.421" endtime="20210727 19:34:49.422"/>
</kw>
<kw name="Login Page Should Be Open" library="resource">
<kw name="Title Should Be" library="SeleniumLibrary">
<arg>Sign in to GitHub · GitHub</arg>
<doc>Verifies that the current page title equals ``title``.</doc>
<msg timestamp="20210727 19:34:49.945" level="INFO">Page title is 'Sign in to GitHub · GitHub'.</msg>
<status status="PASS" starttime="20210727 19:34:49.423" endtime="20210727 19:34:49.945"/>
</kw>
<status status="PASS" starttime="20210727 19:34:49.422" endtime="20210727 19:34:49.946"/>
</kw>
<status status="PASS" starttime="20210727 19:34:39.725" endtime="20210727 19:34:49.946"/>
</kw>
<status status="PASS" starttime="20210727 19:34:39.725" endtime="20210727 19:34:49.946"/>
</kw>
<kw name="When user &quot;demo&quot; logs in with password &quot;mode&quot;" sourcename="User &quot;${username}&quot; logs in with password &quot;${password}&quot;">
<kw name="Input Username" library="resource">
<arg>${username}</arg>
<kw name="Input Text" library="SeleniumLibrary">
<arg>id=login_field</arg>
<arg>${username}</arg>
<doc>Types the given ``text`` into the text field identified by ``locator``.</doc>
<msg timestamp="20210727 19:34:49.948" level="INFO">Typing text 'demo' into text field 'id=login_field'.</msg>
<status status="PASS" starttime="20210727 19:34:49.948" endtime="20210727 19:34:51.568"/>
</kw>
<status status="PASS" starttime="20210727 19:34:49.947" endtime="20210727 19:34:51.569"/>
</kw>
<kw name="Input Password" library="resource">
<arg>${password}</arg>
<kw name="Input Text" library="SeleniumLibrary">
<arg>id=password</arg>
<arg>${password}</arg>
<doc>Types the given ``text`` into the text field identified by ``locator``.</doc>
<msg timestamp="20210727 19:34:51.569" level="INFO">Typing text 'mode' into text field 'id=password'.</msg>
<status status="PASS" starttime="20210727 19:34:51.569" endtime="20210727 19:34:53.194"/>
</kw>
<status status="PASS" starttime="20210727 19:34:51.569" endtime="20210727 19:34:53.194"/>
</kw>
<kw name="Submit Credentials" library="resource">
<kw name="Click Button" library="SeleniumLibrary">
<arg>name=commit</arg>
<doc>Clicks the button identified by ``locator``.</doc>
<msg timestamp="20210727 19:34:53.195" level="INFO">Clicking button 'name=commit'.</msg>
<status status="PASS" starttime="20210727 19:34:53.195" endtime="20210727 19:34:55.400"/>
</kw>
<status status="PASS" starttime="20210727 19:34:53.194" endtime="20210727 19:34:55.401"/>
</kw>
<status status="PASS" starttime="20210727 19:34:49.946" endtime="20210727 19:34:55.401"/>
</kw>
<kw name="Then Login Page Should Be Open" library="resource">
<kw name="Title Should Be" library="SeleniumLibrary">
<arg>Sign in to GitHub · GitHub</arg>
<doc>Verifies that the current page title equals ``title``.</doc>
<msg timestamp="20210727 19:34:55.915" level="INFO">Page title is 'Sign in to GitHub · GitHub'.</msg>
<status status="PASS" starttime="20210727 19:34:55.401" endtime="20210727 19:34:55.915"/>
</kw>
<status status="PASS" starttime="20210727 19:34:55.401" endtime="20210727 19:34:55.915"/>
</kw>
<kw name="Close Browser" library="SeleniumLibrary" type="TEARDOWN">
<doc>Closes the current browser.</doc>
<status status="PASS" starttime="20210727 19:34:55.916" endtime="20210727 19:34:58.648"/>
</kw>
<status status="PASS" starttime="20210727 19:34:39.724" endtime="20210727 19:34:58.648"/>
</test>
<test id="s1-s1-s2-t2" name="Scenario: eating cucumbers">
<kw name="Scenario Outline: eating cucumbers">
<arg>12</arg>
<arg>5</arg>
<arg>7</arg>
<kw name="Given there are ${start} cucumbers">
<msg timestamp="20210727 19:34:58.652" level="FAIL">No keyword with name 'Given there are ${start} cucumbers' found.</msg>
<status status="FAIL" starttime="20210727 19:34:58.652" endtime="20210727 19:34:58.652"/>
</kw>
<kw name="When I eat ${eat} cucumbers">
<status status="NOT RUN" starttime="20210727 19:34:58.656" endtime="20210727 19:34:58.656"/>
</kw>
<kw name="Then I should have ${left} cucumbers">
<status status="NOT RUN" starttime="20210727 19:34:58.659" endtime="20210727 19:34:58.659"/>
</kw>
<status status="FAIL" starttime="20210727 19:34:58.649" endtime="20210727 19:34:58.659"/>
</kw>
<kw name="Scenario Outline: eating cucumbers">
<arg>20</arg>
<arg>5</arg>
<arg>15</arg>
<kw name="Given there are ${start} cucumbers">
<msg timestamp="20210727 19:34:58.663" level="FAIL">No keyword with name 'Given there are ${start} cucumbers' found.</msg>
<status status="FAIL" starttime="20210727 19:34:58.663" endtime="20210727 19:34:58.663"/>
</kw>
<kw name="When I eat ${eat} cucumbers">
<status status="NOT RUN" starttime="20210727 19:34:58.666" endtime="20210727 19:34:58.666"/>
</kw>
<kw name="Then I should have ${left} cucumbers">
<status status="NOT RUN" starttime="20210727 19:34:58.669" endtime="20210727 19:34:58.669"/>
</kw>
<status status="FAIL" starttime="20210727 19:34:58.660" endtime="20210727 19:34:58.669"/>
</kw>
<kw name="Scenario Outline: eating cucumbers">
<arg>33</arg>
<arg>11</arg>
<arg>22</arg>
<kw name="Given there are ${start} cucumbers">
<msg timestamp="20210727 19:34:58.672" level="FAIL">No keyword with name 'Given there are ${start} cucumbers' found.</msg>
<status status="FAIL" starttime="20210727 19:34:58.672" endtime="20210727 19:34:58.672"/>
</kw>
<kw name="When I eat ${eat} cucumbers">
<status status="NOT RUN" starttime="20210727 19:34:58.675" endtime="20210727 19:34:58.675"/>
</kw>
<kw name="Then I should have ${left} cucumbers">
<status status="NOT RUN" starttime="20210727 19:34:58.678" endtime="20210727 19:34:58.678"/>
</kw>
<status status="FAIL" starttime="20210727 19:34:58.669" endtime="20210727 19:34:58.678"/>
</kw>
<kw name="Scenario Outline: eating cucumbers">
<arg>35</arg>
<arg>15</arg>
<arg>20</arg>
<kw name="Given there are ${start} cucumbers">
<msg timestamp="20210727 19:34:58.682" level="FAIL">No keyword with name 'Given there are ${start} cucumbers' found.</msg>
<status status="FAIL" starttime="20210727 19:34:58.682" endtime="20210727 19:34:58.682"/>
</kw>
<kw name="When I eat ${eat} cucumbers">
<status status="NOT RUN" starttime="20210727 19:34:58.685" endtime="20210727 19:34:58.685"/>
</kw>
<kw name="Then I should have ${left} cucumbers">
<status status="NOT RUN" starttime="20210727 19:34:58.689" endtime="20210727 19:34:58.689"/>
</kw>
<status status="FAIL" starttime="20210727 19:34:58.678" endtime="20210727 19:34:58.689"/>
</kw>
<kw name="Close Browser" library="SeleniumLibrary" type="TEARDOWN">
<doc>Closes the current browser.</doc>
<status status="PASS" starttime="20210727 19:34:58.690" endtime="20210727 19:34:58.690"/>
</kw>
<status status="FAIL" starttime="20210727 19:34:58.648" endtime="20210727 19:34:58.690">Several failures occurred:

1) No keyword with name 'Given there are ${start} cucumbers' found.

2) No keyword with name 'Given there are ${start} cucumbers' found.

3) No keyword with name 'Given there are ${start} cucumbers' found.

4) No keyword with name 'Given there are ${start} cucumbers' found.</status>
</test>
<doc>A test suite with a single Gherkin style test.

This test is functionally identical to the example in
valid_login.robot file.</doc>
<status status="FAIL" starttime="20210727 19:34:39.720" endtime="20210727 19:34:58.690"/>
</suite>
<status status="FAIL" starttime="20210727 19:34:39.288" endtime="20210727 19:34:58.692"/>
</suite>
<status status="FAIL" starttime="20210727 19:34:39.242" endtime="20210727 19:34:58.693"/>
</suite>
<statistics>
<total>
<stat pass="1" fail="2" skip="0">All Tests</stat>
</total>
<tag>
</tag>
<suite>
<stat pass="1" fail="2" skip="0" id="s1" name="Robot-Framewotk-Demo">Robot-Framewotk-Demo</stat>
<stat pass="1" fail="2" skip="0" id="s1-s1" name="TestCases">Robot-Framewotk-Demo.TestCases</stat>
<stat pass="0" fail="1" skip="0" id="s1-s1-s1" name="Login">Robot-Framewotk-Demo.TestCases.Login</stat>
<stat pass="1" fail="1" skip="0" id="s1-s1-s2" name="Login Gherkin">Robot-Framewotk-Demo.TestCases.Login Gherkin</stat>
</suite>
</statistics>
<errors>
</errors>
</robot>
