<?xml version="1.0" encoding="UTF-8"?>
<robot generator="Robot 4.0.3 (Python 3.9.1 on win32)" generated="20210726 16:55:10.579" rpa="false" schemaversion="2">
<suite id="s1" name="Login" source="D:\Dev\Vozy\Repositorios\robot-framewotk-demo\TestCases\Login.robot">
<test id="s1-t1" name="Valid Login in Gitlab">
<kw name="Open Browser To Login Page" library="resource">
<kw name="Open Browser" library="SeleniumLibrary">
<arg>${LOGIN URL}</arg>
<arg>${BROWSER}</arg>
<doc>Opens a new browser instance to the optional ``url``.</doc>
<msg timestamp="20210726 16:55:10.815" level="INFO">Opening browser 'Chrome' to base url 'https://github.com/login'.</msg>
<status status="PASS" starttime="20210726 16:55:10.814" endtime="20210726 16:55:14.567"/>
</kw>
<kw name="Maximize Browser Window" library="SeleniumLibrary">
<doc>Maximizes current browser window.</doc>
<status status="PASS" starttime="20210726 16:55:14.567" endtime="20210726 16:55:14.698"/>
</kw>
<kw name="Set Selenium Speed" library="SeleniumLibrary">
<arg>${DELAY}</arg>
<doc>Sets the delay that is waited after each Selenium command.</doc>
<status status="PASS" starttime="20210726 16:55:14.698" endtime="20210726 16:55:14.699"/>
</kw>
<kw name="Login Page Should Be Open" library="resource">
<kw name="Title Should Be" library="SeleniumLibrary">
<arg>Sign in to GitHub · GitHub</arg>
<doc>Verifies that the current page title equals ``title``.</doc>
<msg timestamp="20210726 16:55:14.716" level="INFO">Page title is 'Sign in to GitHub · GitHub'.</msg>
<status status="PASS" starttime="20210726 16:55:14.700" endtime="20210726 16:55:14.717"/>
</kw>
<status status="PASS" starttime="20210726 16:55:14.699" endtime="20210726 16:55:14.717"/>
</kw>
<status status="PASS" starttime="20210726 16:55:10.814" endtime="20210726 16:55:14.717"/>
</kw>
<kw name="Input Username" library="resource">
<arg>josemanuelep</arg>
<kw name="Input Text" library="SeleniumLibrary">
<arg>id=login_field</arg>
<arg>${username}</arg>
<doc>Types the given ``text`` into the text field identified by ``locator``.</doc>
<msg timestamp="20210726 16:55:14.719" level="INFO">Typing text 'josemanuelep' into text field 'id=login_field'.</msg>
<status status="PASS" starttime="20210726 16:55:14.718" endtime="20210726 16:55:14.817"/>
</kw>
<status status="PASS" starttime="20210726 16:55:14.717" endtime="20210726 16:55:14.817"/>
</kw>
<kw name="Input Password" library="resource">
<arg>3103331899jose</arg>
<kw name="Input Text" library="SeleniumLibrary">
<arg>id=password</arg>
<arg>${password}</arg>
<doc>Types the given ``text`` into the text field identified by ``locator``.</doc>
<msg timestamp="20210726 16:55:14.818" level="INFO">Typing text '3103331899jose' into text field 'id=password'.</msg>
<status status="PASS" starttime="20210726 16:55:14.818" endtime="20210726 16:55:14.905"/>
</kw>
<status status="PASS" starttime="20210726 16:55:14.817" endtime="20210726 16:55:14.905"/>
</kw>
<kw name="Submit Credentials" library="resource">
<kw name="Click Button" library="SeleniumLibrary">
<arg>name=commit</arg>
<doc>Clicks the button identified by ``locator``.</doc>
<msg timestamp="20210726 16:55:14.906" level="INFO">Clicking button 'name=commit'.</msg>
<status status="PASS" starttime="20210726 16:55:14.906" endtime="20210726 16:55:25.779"/>
</kw>
<status status="PASS" starttime="20210726 16:55:14.905" endtime="20210726 16:55:25.779"/>
</kw>
<kw name="Close Browser" library="SeleniumLibrary" type="TEARDOWN">
<doc>Closes the current browser.</doc>
<status status="PASS" starttime="20210726 16:55:25.779" endtime="20210726 16:55:28.082"/>
</kw>
<status status="PASS" starttime="20210726 16:55:10.813" endtime="20210726 16:55:28.083"/>
</test>
<doc>A test suite with a single test for valid login.

This test has a workflow that is created using keywords in
the imported resource file.</doc>
<status status="PASS" starttime="20210726 16:55:10.581" endtime="20210726 16:55:28.085"/>
</suite>
<statistics>
<total>
<stat pass="1" fail="0" skip="0">All Tests</stat>
</total>
<tag>
</tag>
<suite>
<stat pass="1" fail="0" skip="0" id="s1" name="Login">Login</stat>
</suite>
</statistics>
<errors>
</errors>
</robot>
