<?xml version="1.0" encoding="UTF-8"?>
<robot generator="Robot 4.0.3 (Python 3.9.1 on win32)" generated="20210728 17:19:24.678" rpa="false" schemaversion="2">
<suite id="s1" name="Login" source="D:\Dev\Vozy\Repositorios\robot-framewotk-demo\TestCases\login.robot">
<kw name="Login in Page" library="resource" type="SETUP">
<kw name="Open Browser To Login Page" library="resource">
<kw name="Open Browser" library="SeleniumLibrary">
<arg>${LOGIN URL}</arg>
<arg>${BROWSER}</arg>
<doc>Opens a new browser instance to the optional ``url``.</doc>
<msg timestamp="20210728 17:19:24.956" level="INFO">Opening browser 'Chrome' to base url 'https://github.com/login'.</msg>
<status status="PASS" starttime="20210728 17:19:24.955" endtime="20210728 17:19:28.733"/>
</kw>
<kw name="Maximize Browser Window" library="SeleniumLibrary">
<doc>Maximizes current browser window.</doc>
<status status="PASS" starttime="20210728 17:19:28.734" endtime="20210728 17:19:28.863"/>
</kw>
<kw name="Set Selenium Speed" library="SeleniumLibrary">
<arg>${DELAY}</arg>
<doc>Sets the delay that is waited after each Selenium command.</doc>
<status status="PASS" starttime="20210728 17:19:28.863" endtime="20210728 17:19:28.864"/>
</kw>
<kw name="Login Page Should Be Open" library="resource">
<kw name="Title Should Be" library="SeleniumLibrary">
<arg>Sign in to GitHub · GitHub</arg>
<doc>Verifies that the current page title equals ``title``.</doc>
<msg timestamp="20210728 17:19:29.381" level="INFO">Page title is 'Sign in to GitHub · GitHub'.</msg>
<status status="PASS" starttime="20210728 17:19:28.864" endtime="20210728 17:19:29.381"/>
</kw>
<status status="PASS" starttime="20210728 17:19:28.864" endtime="20210728 17:19:29.382"/>
</kw>
<status status="PASS" starttime="20210728 17:19:24.955" endtime="20210728 17:19:29.382"/>
</kw>
<kw name="Input Username" library="resource">
<arg>josemanuelep</arg>
<kw name="Input Text" library="SeleniumLibrary">
<arg>id=login_field</arg>
<arg>${username}</arg>
<doc>Types the given ``text`` into the text field identified by ``locator``.</doc>
<msg timestamp="20210728 17:19:29.385" level="INFO">Typing text 'josemanuelep' into text field 'id=login_field'.</msg>
<status status="PASS" starttime="20210728 17:19:29.383" endtime="20210728 17:19:31.012"/>
</kw>
<status status="PASS" starttime="20210728 17:19:29.383" endtime="20210728 17:19:31.013"/>
</kw>
<kw name="Input Password" library="resource">
<arg>3103331899jose</arg>
<kw name="Input Text" library="SeleniumLibrary">
<arg>id=password</arg>
<arg>${password}</arg>
<doc>Types the given ``text`` into the text field identified by ``locator``.</doc>
<msg timestamp="20210728 17:19:31.015" level="INFO">Typing text '3103331899jose' into text field 'id=password'.</msg>
<status status="PASS" starttime="20210728 17:19:31.014" endtime="20210728 17:19:32.661"/>
</kw>
<status status="PASS" starttime="20210728 17:19:31.013" endtime="20210728 17:19:32.661"/>
</kw>
<kw name="Submit Credentials" library="resource">
<kw name="Click Button" library="SeleniumLibrary">
<arg>name=commit</arg>
<doc>Clicks the button identified by ``locator``.</doc>
<msg timestamp="20210728 17:19:32.662" level="INFO">Clicking button 'name=commit'.</msg>
<status status="PASS" starttime="20210728 17:19:32.661" endtime="20210728 17:19:40.216"/>
</kw>
<status status="PASS" starttime="20210728 17:19:32.661" endtime="20210728 17:19:40.216"/>
</kw>
<status status="PASS" starttime="20210728 17:19:24.955" endtime="20210728 17:19:40.216"/>
</kw>
<test id="s1-t1" name="Filter repos">
<kw name="Filter own repositories by" library="resource">
<arg>Private</arg>
<kw name="Open View Profile and More Toggle Menu" library="resource">
<kw name="Click Element" library="SeleniumLibrary">
<arg>xpath=//summary[contains(@aria-label, 'View profile and more')]</arg>
<doc>Click the element identified by ``locator``.</doc>
<msg timestamp="20210728 17:19:40.218" level="INFO">Clicking element 'xpath=//summary[contains(@aria-label, 'View profile and more')]'.</msg>
<status status="PASS" starttime="20210728 17:19:40.218" endtime="20210728 17:19:41.321"/>
</kw>
<kw name="Set Browser Implicit Wait" library="SeleniumLibrary">
<arg>5</arg>
<doc>Sets the implicit wait value used by Selenium.</doc>
<status status="PASS" starttime="20210728 17:19:41.321" endtime="20210728 17:19:41.822"/>
</kw>
<kw name="Wait Until Element Is Visible" library="SeleniumLibrary">
<arg>xpath=//a[contains(text(),'Your repositories')]</arg>
<doc>Waits until the element ``locator`` is visible.</doc>
<status status="PASS" starttime="20210728 17:19:41.822" endtime="20210728 17:19:42.882"/>
</kw>
<kw name="Click Element" library="SeleniumLibrary">
<arg>xpath=//a[contains(text(),'Your repositories')]</arg>
<doc>Click the element identified by ``locator``.</doc>
<msg timestamp="20210728 17:19:42.882" level="INFO">Clicking element 'xpath=//a[contains(text(),'Your repositories')]'.</msg>
<status status="PASS" starttime="20210728 17:19:42.882" endtime="20210728 17:19:45.315"/>
</kw>
<kw name="Title Should Be" library="SeleniumLibrary">
<arg>Your Repositories</arg>
<doc>Verifies that the current page title equals ``title``.</doc>
<msg timestamp="20210728 17:19:45.827" level="INFO">Page title is 'Your Repositories'.</msg>
<status status="PASS" starttime="20210728 17:19:45.315" endtime="20210728 17:19:45.827"/>
</kw>
<status status="PASS" starttime="20210728 17:19:40.218" endtime="20210728 17:19:45.828"/>
</kw>
<kw name="Filter by" library="resource">
<arg>${filter}</arg>
<kw name="Wait Until Element Is Visible" library="SeleniumLibrary">
<arg>xpath=//details[@id='type-options']</arg>
<doc>Waits until the element ``locator`` is visible.</doc>
<status status="PASS" starttime="20210728 17:19:45.829" endtime="20210728 17:19:46.880"/>
</kw>
<kw name="Click Element" library="SeleniumLibrary">
<arg>xpath=//details[@id='type-options']</arg>
<doc>Click the element identified by ``locator``.</doc>
<msg timestamp="20210728 17:19:46.881" level="INFO">Clicking element 'xpath=//details[@id='type-options']'.</msg>
<status status="PASS" starttime="20210728 17:19:46.880" endtime="20210728 17:19:47.958"/>
</kw>
<kw name="Set Selenium Implicit Wait" library="SeleniumLibrary">
<arg>5s</arg>
<doc>Sets the implicit wait value used by Selenium.</doc>
<status status="PASS" starttime="20210728 17:19:47.958" endtime="20210728 17:19:48.462"/>
</kw>
<kw name="Wait Until Element Is Visible" library="SeleniumLibrary">
<arg>//span[contains(@class, 'text-normal') and text() = '${filer}']</arg>
<doc>Waits until the element ``locator`` is visible.</doc>
<status status="PASS" starttime="20210728 17:19:48.462" endtime="20210728 17:19:49.486"/>
</kw>
<kw name="Click Element" library="SeleniumLibrary">
<arg>//span[contains(@class, 'text-normal') and text() = '${filer}']</arg>
<doc>Click the element identified by ``locator``.</doc>
<msg timestamp="20210728 17:19:49.487" level="INFO">Clicking element '//span[contains(@class, 'text-normal') and text() = 'Private']'.</msg>
<status status="PASS" starttime="20210728 17:19:49.486" endtime="20210728 17:19:50.572"/>
</kw>
<status status="PASS" starttime="20210728 17:19:45.828" endtime="20210728 17:19:50.573"/>
</kw>
<kw name="Close Browser" library="SeleniumLibrary" type="TEARDOWN">
<doc>Closes the current browser.</doc>
<status status="PASS" starttime="20210728 17:19:50.573" endtime="20210728 17:19:53.206"/>
</kw>
<status status="PASS" starttime="20210728 17:19:40.217" endtime="20210728 17:19:53.206"/>
</kw>
<kw name="Filter own repositories by" library="resource">
<arg>Public</arg>
<kw name="Open View Profile and More Toggle Menu" library="resource">
<kw name="Click Element" library="SeleniumLibrary">
<arg>xpath=//summary[contains(@aria-label, 'View profile and more')]</arg>
<doc>Click the element identified by ``locator``.</doc>
<msg timestamp="20210728 17:19:53.207" level="INFO">Clicking element 'xpath=//summary[contains(@aria-label, 'View profile and more')]'.</msg>
<kw name="Capture Page Screenshot" library="SeleniumLibrary">
<doc>Takes a screenshot of the current page and embeds it into a log file.</doc>
<msg timestamp="20210728 17:19:53.208" level="INFO">Cannot capture screenshot because no browser is open.</msg>
<status status="PASS" starttime="20210728 17:19:53.207" endtime="20210728 17:19:53.208"/>
</kw>
<msg timestamp="20210728 17:19:53.216" level="FAIL">No browser is open.</msg>
<status status="FAIL" starttime="20210728 17:19:53.207" endtime="20210728 17:19:53.216"/>
</kw>
<kw name="Set Browser Implicit Wait" library="SeleniumLibrary">
<arg>5</arg>
<doc>Sets the implicit wait value used by Selenium.</doc>
<status status="NOT RUN" starttime="20210728 17:19:53.216" endtime="20210728 17:19:53.216"/>
</kw>
<kw name="Wait Until Element Is Visible" library="SeleniumLibrary">
<arg>xpath=//a[contains(text(),'Your repositories')]</arg>
<doc>Waits until the element ``locator`` is visible.</doc>
<status status="NOT RUN" starttime="20210728 17:19:53.216" endtime="20210728 17:19:53.216"/>
</kw>
<kw name="Click Element" library="SeleniumLibrary">
<arg>xpath=//a[contains(text(),'Your repositories')]</arg>
<doc>Click the element identified by ``locator``.</doc>
<status status="NOT RUN" starttime="20210728 17:19:53.216" endtime="20210728 17:19:53.216"/>
</kw>
<kw name="Title Should Be" library="SeleniumLibrary">
<arg>Your Repositories</arg>
<doc>Verifies that the current page title equals ``title``.</doc>
<status status="NOT RUN" starttime="20210728 17:19:53.217" endtime="20210728 17:19:53.217"/>
</kw>
<status status="FAIL" starttime="20210728 17:19:53.207" endtime="20210728 17:19:53.217"/>
</kw>
<kw name="Filter by" library="resource">
<arg>${filter}</arg>
<status status="NOT RUN" starttime="20210728 17:19:53.217" endtime="20210728 17:19:53.217"/>
</kw>
<kw name="Close Browser" library="SeleniumLibrary" type="TEARDOWN">
<doc>Closes the current browser.</doc>
<status status="PASS" starttime="20210728 17:19:53.217" endtime="20210728 17:19:53.217"/>
</kw>
<status status="FAIL" starttime="20210728 17:19:53.206" endtime="20210728 17:19:53.217"/>
</kw>
<kw name="Filter own repositories by" library="resource">
<arg>Forks</arg>
<kw name="Open View Profile and More Toggle Menu" library="resource">
<kw name="Click Element" library="SeleniumLibrary">
<arg>xpath=//summary[contains(@aria-label, 'View profile and more')]</arg>
<doc>Click the element identified by ``locator``.</doc>
<msg timestamp="20210728 17:19:53.218" level="INFO">Clicking element 'xpath=//summary[contains(@aria-label, 'View profile and more')]'.</msg>
<kw name="Capture Page Screenshot" library="SeleniumLibrary">
<doc>Takes a screenshot of the current page and embeds it into a log file.</doc>
<msg timestamp="20210728 17:19:53.219" level="INFO">Cannot capture screenshot because no browser is open.</msg>
<status status="PASS" starttime="20210728 17:19:53.219" endtime="20210728 17:19:53.219"/>
</kw>
<msg timestamp="20210728 17:19:53.220" level="FAIL">No browser is open.</msg>
<status status="FAIL" starttime="20210728 17:19:53.218" endtime="20210728 17:19:53.220"/>
</kw>
<kw name="Set Browser Implicit Wait" library="SeleniumLibrary">
<arg>5</arg>
<doc>Sets the implicit wait value used by Selenium.</doc>
<status status="NOT RUN" starttime="20210728 17:19:53.220" endtime="20210728 17:19:53.220"/>
</kw>
<kw name="Wait Until Element Is Visible" library="SeleniumLibrary">
<arg>xpath=//a[contains(text(),'Your repositories')]</arg>
<doc>Waits until the element ``locator`` is visible.</doc>
<status status="NOT RUN" starttime="20210728 17:19:53.220" endtime="20210728 17:19:53.220"/>
</kw>
<kw name="Click Element" library="SeleniumLibrary">
<arg>xpath=//a[contains(text(),'Your repositories')]</arg>
<doc>Click the element identified by ``locator``.</doc>
<status status="NOT RUN" starttime="20210728 17:19:53.220" endtime="20210728 17:19:53.220"/>
</kw>
<kw name="Title Should Be" library="SeleniumLibrary">
<arg>Your Repositories</arg>
<doc>Verifies that the current page title equals ``title``.</doc>
<status status="NOT RUN" starttime="20210728 17:19:53.220" endtime="20210728 17:19:53.220"/>
</kw>
<status status="FAIL" starttime="20210728 17:19:53.218" endtime="20210728 17:19:53.221"/>
</kw>
<kw name="Filter by" library="resource">
<arg>${filter}</arg>
<status status="NOT RUN" starttime="20210728 17:19:53.221" endtime="20210728 17:19:53.221"/>
</kw>
<kw name="Close Browser" library="SeleniumLibrary" type="TEARDOWN">
<doc>Closes the current browser.</doc>
<status status="PASS" starttime="20210728 17:19:53.221" endtime="20210728 17:19:53.221"/>
</kw>
<status status="FAIL" starttime="20210728 17:19:53.217" endtime="20210728 17:19:53.222"/>
</kw>
<status status="FAIL" starttime="20210728 17:19:40.216" endtime="20210728 17:19:53.222">Several failures occurred:

1) No browser is open.

2) No browser is open.</status>
</test>
<doc>A test suite with a single test for valid login.

This test has a workflow that is created using keywords in
the imported resource file.</doc>
<status status="FAIL" starttime="20210728 17:19:24.680" endtime="20210728 17:19:53.223"/>
</suite>
<statistics>
<total>
<stat pass="0" fail="1" skip="0">All Tests</stat>
</total>
<tag>
</tag>
<suite>
<stat pass="0" fail="1" skip="0" id="s1" name="Login">Login</stat>
</suite>
</statistics>
<errors>
</errors>
</robot>
